Change Component Footprint: Designator=M1 Old Footprint=M3.5 UNPLATED New Footprint=M3.5 PLATED SPECIAL
Change Component Footprint: Designator=M2 Old Footprint=M3.5 UNPLATED New Footprint=M3.5 PLATED SPECIAL
Change Component Footprint: Designator=M3 Old Footprint=M3.5 UNPLATED New Footprint=M3.5 PLATED SPECIAL
Change Component Footprint: Designator=M4 Old Footprint=M3.5 UNPLATED New Footprint=M3.5 PLATED SPECIAL
Change Component Footprint: Designator=M5 Old Footprint=M3.5 UNPLATED New Footprint=M3.5 PLATED SPECIAL
Change Component Footprint: Designator=M6 Old Footprint=M3.5 UNPLATED New Footprint=M3.5 PLATED SPECIAL
Change Component Footprint: Designator=M7 Old Footprint=M3.5 UNPLATED New Footprint=M3.5 PLATED SPECIAL
Change Component Footprint: Designator=M8 Old Footprint=M3.5 UNPLATED New Footprint=M3.5 PLATED SPECIAL
Change Component Comment : Designator=M1 Old Comment=Hole M3 Loose Unplated New Comment=Hole M3 Loose Plated
Change Component Comment : Designator=M2 Old Comment=Hole M3 Loose Unplated New Comment=Hole M3 Loose Plated
Change Component Comment : Designator=M3 Old Comment=Hole M3 Loose Unplated New Comment=Hole M3 Loose Plated
Change Component Comment : Designator=M4 Old Comment=Hole M3 Loose Unplated New Comment=Hole M3 Loose Plated
Change Component Comment : Designator=M5 Old Comment=Hole M3 Loose Unplated New Comment=Hole M3 Loose Plated
Change Component Comment : Designator=M6 Old Comment=Hole M3 Loose Unplated New Comment=Hole M3 Loose Plated
Change Component Comment : Designator=M7 Old Comment=Hole M3 Loose Unplated New Comment=Hole M3 Loose Plated
Change Component Comment : Designator=M8 Old Comment=Hole M3 Loose Unplated New Comment=Hole M3 Loose Plated
Added Component: Designator=TP1(TestPointHoop_BLACK)
Added Component: Designator=TP2(TestPointHoop_RED)
Added Component: Designator=TP3(TestPointHoop_RED)
Added Component: Designator=TP4(TestPointHoop_RED)
Added Component: Designator=TP5A(TestPointSMD)
Added Component: Designator=TP5B(TestPointSMD)
Added Component: Designator=TP6A(TestPointSMD)
Added Component: Designator=TP6B(TestPointSMD)
Added Component: Designator=TP7A(TestPointSMD)
Added Component: Designator=TP7B(TestPointSMD)
Added Component: Designator=TP8A(TestPointSMD)
Added Component: Designator=TP8B(TestPointSMD)
Added Pin To Net: NetName=GND Pin=M1-1
Added Pin To Net: NetName=GND Pin=M1-1
Added Pin To Net: NetName=GND Pin=M1-1
Added Pin To Net: NetName=GND Pin=M1-1
Added Pin To Net: NetName=GND Pin=M1-1
Added Pin To Net: NetName=GND Pin=M1-1
Added Pin To Net: NetName=GND Pin=M1-1
Added Pin To Net: NetName=GND Pin=M1-1
Added Pin To Net: NetName=GND Pin=M2-1
Added Pin To Net: NetName=GND Pin=M2-1
Added Pin To Net: NetName=GND Pin=M2-1
Added Pin To Net: NetName=GND Pin=M2-1
Added Pin To Net: NetName=GND Pin=M2-1
Added Pin To Net: NetName=GND Pin=M2-1
Added Pin To Net: NetName=GND Pin=M2-1
Added Pin To Net: NetName=GND Pin=M2-1
Added Pin To Net: NetName=GND Pin=M3-1
Added Pin To Net: NetName=GND Pin=M3-1
Added Pin To Net: NetName=GND Pin=M3-1
Added Pin To Net: NetName=GND Pin=M3-1
Added Pin To Net: NetName=GND Pin=M3-1
Added Pin To Net: NetName=GND Pin=M3-1
Added Pin To Net: NetName=GND Pin=M3-1
Added Pin To Net: NetName=GND Pin=M3-1
Added Pin To Net: NetName=GND Pin=M4-1
Added Pin To Net: NetName=GND Pin=M4-1
Added Pin To Net: NetName=GND Pin=M4-1
Added Pin To Net: NetName=GND Pin=M4-1
Added Pin To Net: NetName=GND Pin=M4-1
Added Pin To Net: NetName=GND Pin=M4-1
Added Pin To Net: NetName=GND Pin=M4-1
Added Pin To Net: NetName=GND Pin=M4-1
Added Pin To Net: NetName=GND Pin=M5-1
Added Pin To Net: NetName=GND Pin=M5-1
Added Pin To Net: NetName=GND Pin=M5-1
Added Pin To Net: NetName=GND Pin=M5-1
Added Pin To Net: NetName=GND Pin=M5-1
Added Pin To Net: NetName=GND Pin=M5-1
Added Pin To Net: NetName=GND Pin=M5-1
Added Pin To Net: NetName=GND Pin=M5-1
Added Pin To Net: NetName=GND Pin=M6-1
Added Pin To Net: NetName=GND Pin=M6-1
Added Pin To Net: NetName=GND Pin=M6-1
Added Pin To Net: NetName=GND Pin=M6-1
Added Pin To Net: NetName=GND Pin=M6-1
Added Pin To Net: NetName=GND Pin=M6-1
Added Pin To Net: NetName=GND Pin=M6-1
Added Pin To Net: NetName=GND Pin=M6-1
Added Pin To Net: NetName=GND Pin=M7-1
Added Pin To Net: NetName=GND Pin=M7-1
Added Pin To Net: NetName=GND Pin=M7-1
Added Pin To Net: NetName=GND Pin=M7-1
Added Pin To Net: NetName=GND Pin=M7-1
Added Pin To Net: NetName=GND Pin=M7-1
Added Pin To Net: NetName=GND Pin=M7-1
Added Pin To Net: NetName=GND Pin=M7-1
Added Pin To Net: NetName=GND Pin=M8-1
Added Pin To Net: NetName=GND Pin=M8-1
Added Pin To Net: NetName=GND Pin=M8-1
Added Pin To Net: NetName=GND Pin=M8-1
Added Pin To Net: NetName=GND Pin=M8-1
Added Pin To Net: NetName=GND Pin=M8-1
Added Pin To Net: NetName=GND Pin=M8-1
Added Pin To Net: NetName=GND Pin=M8-1
Added Pin To Net: NetName=GND Pin=TP1-1
Added Pin To Net: NetName=3V3 Pin=TP2-1
Added Pin To Net: NetName=VCC Pin=TP3-1
Added Pin To Net: NetName=12V Pin=TP4-1
Added Pin To Net: NetName=CAN2H Pin=TP5A-1
Added Pin To Net: NetName=CAN1H Pin=TP5B-1
Added Pin To Net: NetName=CAN2 TX Pin=TP6A-1
Added Pin To Net: NetName=CAN1 TX Pin=TP6B-1
Added Pin To Net: NetName=CAN2L Pin=TP7A-1
Added Pin To Net: NetName=CAN1L Pin=TP7B-1
Added Pin To Net: NetName=CAN2 RX Pin=TP8A-1
Added Pin To Net: NetName=CAN1 RX Pin=TP8B-1
Added Member To Class: ClassName=Power Supply Member=Component TP1 TestPoint_Hoop_Black
Added Member To Class: ClassName=Power Supply Member=Component TP2 TestPoint_Hoop_Red
Added Member To Class: ClassName=Power Supply Member=Component TP3 TestPoint_Hoop_Red
Added Member To Class: ClassName=Power Supply Member=Component TP4 TestPoint_Hoop_Red
Added Member To Class: ClassName=CANBUS1 Member=Component TP5A (TP5) TestPoint_SMD
Added Member To Class: ClassName=CANBUS2 Member=Component TP5B (TP5) TestPoint_SMD
Added Member To Class: ClassName=CANBUS1 Member=Component TP6A (TP6) TestPoint_SMD
Added Member To Class: ClassName=CANBUS2 Member=Component TP6B (TP6) TestPoint_SMD
Added Member To Class: ClassName=CANBUS1 Member=Component TP7A (TP7) TestPoint_SMD
Added Member To Class: ClassName=CANBUS2 Member=Component TP7B (TP7) TestPoint_SMD
Added Member To Class: ClassName=CANBUS1 Member=Component TP8A (TP8) TestPoint_SMD
Added Member To Class: ClassName=CANBUS2 Member=Component TP8B (TP8) TestPoint_SMD
