Removed Pin From Net: NetName=CAN FAULT Pin=U1-8
Added Component: Designator=C13(Cap_Ceramic_0603)
Added Component: Designator=DS1(LED RED 0603)
Added Component: Designator=R46(Res_ThinFilm_0603)
Added Component: Designator=U9(SOT-553)
Added Pin To Net: NetName=GND Pin=C13-1
Added Pin To Net: NetName=3V3 Pin=C13-2
Added Pin To Net: NetName=GND Pin=DS1-2
Added Pin To Net: NetName=SD DAT1 Pin=U1-26
Added Pin To Net: NetName=CAN FAULT Pin=U9-2
Added Pin To Net: NetName=GND Pin=U9-3
Added Pin To Net: NetName=3V3 Pin=U9-5
Added Pin To Net: NetName=CAN FAULT INV Pin=R46-2
Added Pin To Net: NetName=CAN FAULT INV Pin=U1-8
Added Pin To Net: NetName=CAN FAULT INV Pin=U9-4
Added Net: Name=CAN FAULT INV
Added Pin To Net: NetName=NetDS1_1 Pin=DS1-1
Added Pin To Net: NetName=NetDS1_1 Pin=R46-1
Added Net: Name=NetDS1_1
Added Member To Class: ClassName=Micocontroller Member=Component C13 100nF
Added Member To Class: ClassName=Micocontroller Member=Component DS1 LED Red 0603
Added Member To Class: ClassName=Micocontroller Member=Component R46 1k
Added Member To Class: ClassName=Micocontroller Member=Component U9 SN74LVC1G14DRLR
