Removed Pin From Net: NetName=VUSB Pin=J4-1
Removed Pin From Net: NetName=USB D_P Pin=J4-2
Removed Pin From Net: NetName=USB D_N Pin=J4-3
Removed Pin From Net: NetName=GND Pin=J4-4
Removed Pin From Net: NetName=CAN1_P Pin=SW3-1
Removed Pin From Net: NetName=CAN2_P Pin=SW3-2
Removed Pin From Net: NetName=CAN P TERM Pin=SW3-3
Removed Pin From Net: NetName=CAN1_N Pin=SW3-4
Removed Pin From Net: NetName=CAN2_N Pin=SW3-5
Removed Pin From Net: NetName=CAN N TERM Pin=SW3-6
Removed Member From Class: ClassName=Connectors Member=SW3
Change Component Footprint: Designator=J4 Old Footprint=JST PH 4x RIGHT SMD New Footprint=12401610E4#2A
Change Component Comment : Designator=J4 Old Comment=JST PH 4x RIGHT SMD New Comment=12401610E4#2A
Added Component: Designator=J5(JST PH 4x RIGHT TH)
Added Component: Designator=R44(Res_ThinFilm_0603)
Added Component: Designator=R45(Res_ThinFilm_0603)
Added Component: Designator=SW2(JS202011JCQN)
Added Pin To Net: NetName=VUSB Pin=J4-A4
Added Pin To Net: NetName=USB D_P Pin=J4-A6
Added Pin To Net: NetName=USB D_N Pin=J4-A7
Added Pin To Net: NetName=VUSB Pin=J4-A9
Added Pin To Net: NetName=VUSB Pin=J4-B4
Added Pin To Net: NetName=USB D_P Pin=J4-B6
Added Pin To Net: NetName=USB D_N Pin=J4-B7
Added Pin To Net: NetName=VUSB Pin=J4-B9
Added Pin To Net: NetName=VUSB Pin=J5-1
Added Pin To Net: NetName=USB D_P Pin=J5-2
Added Pin To Net: NetName=USB D_N Pin=J5-3
Added Pin To Net: NetName=GND Pin=J5-4
Added Pin To Net: NetName=CAN1_P Pin=SW2-1
Added Pin To Net: NetName=CAN2_P Pin=SW2-2
Added Pin To Net: NetName=CAN P TERM Pin=SW2-3
Added Pin To Net: NetName=CAN1_N Pin=SW2-4
Added Pin To Net: NetName=CAN2_N Pin=SW2-5
Added Pin To Net: NetName=CAN N TERM Pin=SW2-6
Added Pin To Net: NetName=SD DAT1 Pin=U1-26
Added Pin To Net: NetName=NGND Pin=J4-A1
Added Pin To Net: NetName=NGND Pin=J4-A12
Added Pin To Net: NetName=NGND Pin=J4-B1
Added Pin To Net: NetName=NGND Pin=J4-B12
Added Pin To Net: NetName=NGND Pin=J4-S1
Added Pin To Net: NetName=NGND Pin=J4-S2
Added Pin To Net: NetName=NGND Pin=J4-S3
Added Pin To Net: NetName=NGND Pin=J4-S4
Added Pin To Net: NetName=NGND Pin=R44-1
Added Pin To Net: NetName=NGND Pin=R45-1
Added Net: Name=NGND
Added Pin To Net: NetName=USB CC1 Pin=J4-A5
Added Pin To Net: NetName=USB CC1 Pin=R44-2
Added Net: Name=USB CC1
Added Pin To Net: NetName=USB CC2 Pin=J4-B5
Added Pin To Net: NetName=USB CC2 Pin=R45-2
Added Net: Name=USB CC2
Added Pin To Net: NetName=USB RX1_N Pin=J4-B10
Added Net: Name=USB RX1_N
Added Pin To Net: NetName=USB RX1_P Pin=J4-B11
Added Net: Name=USB RX1_P
Added Pin To Net: NetName=USB RX2_N Pin=J4-A10
Added Net: Name=USB RX2_N
Added Pin To Net: NetName=USB RX2_P Pin=J4-A11
Added Net: Name=USB RX2_P
Added Pin To Net: NetName=USB SBU1 Pin=J4-A8
Added Net: Name=USB SBU1
Added Pin To Net: NetName=USB SBU2 Pin=J4-B8
Added Net: Name=USB SBU2
Added Pin To Net: NetName=USB TX1_N Pin=J4-A3
Added Net: Name=USB TX1_N
Added Pin To Net: NetName=USB TX1_P Pin=J4-A2
Added Net: Name=USB TX1_P
Added Pin To Net: NetName=USB TX2_N Pin=J4-B3
Added Net: Name=USB TX2_N
Added Pin To Net: NetName=USB TX2_P Pin=J4-B2
Added Net: Name=USB TX2_P
Added Member To Class: ClassName=Connectors Member=Component J5 JST PH 4x RIGHT TH
Added Member To Class: ClassName=Connectors Member=Component R44 5k1 1%
Added Member To Class: ClassName=Connectors Member=Component R45 5k1 1%
Added Member To Class: ClassName=Connectors Member=Component SW2 JS202011JCQN
