Change Component Designator: Old Designator=C11 New Designator=C1
Change Component Designator: Old Designator=C12 New Designator=C2
Change Component Designator: Old Designator=C13 New Designator=C3
Change Component Designator: Old Designator=C14 New Designator=C4
Change Component Designator: Old Designator=C15 New Designator=C5
Change Component Designator: Old Designator=C16 New Designator=C6
Change Component Designator: Old Designator=C17 New Designator=C7
Change Component Designator: Old Designator=C18 New Designator=C8
Change Component Designator: Old Designator=C19 New Designator=C9
Change Component Designator: Old Designator=C20 New Designator=C10
Change Component Designator: Old Designator=C21 New Designator=C11
Change Component Designator: Old Designator=C22 New Designator=C12
Change Component Designator: Old Designator=C23 New Designator=C13
Change Component Designator: Old Designator=DS10 New Designator=DS1
Change Component Designator: Old Designator=DS11 New Designator=DS2
Change Component Designator: Old Designator=J11 New Designator=J6
Change Component Designator: Old Designator=R33 New Designator=R3
Change Component Designator: Old Designator=R36 New Designator=R4
Change Component Designator: Old Designator=U4 New Designator=U1
Change Component Designator: Old Designator=U4 New Designator=U1
Change Component Designator: Old Designator=U4 New Designator=U1
Change Component Designator: Old Designator=U4 New Designator=U1
Change Component Designator: Old Designator=U4 New Designator=U1
Change Component Designator: Old Designator=U4 New Designator=U1
Change Component Designator: Old Designator=U5 New Designator=U2
Change Component Designator: Old Designator=U6 New Designator=U3
