Added Pin To Net: NetName=MODULE 7 Pin=U1-26
Change Net Name : Old Net Name=NetD6_A New Net Name=CAP CHARGE
Change Net Name : Old Net Name=NetR7_2 New Net Name=USART1 TX
Change Net Name : Old Net Name=NetR8_2 New Net Name=USART1 RX
Change Net Name : Old Net Name=NetR41A_2 New Net Name=RS485B DIR
Change Net Name : Old Net Name=NetR41B_2 New Net Name=RS485A DIR
Change Net Color : Old Net Color=RGB(158, 161, 117) New Net Color=RGB(110, 255, 255)
Change Net Color : Old Net Color=RGB(158, 161, 117) New Net Color=RGB(110, 255, 255)
Change Net Color : Old Net Color=RGB(158, 161, 117) New Net Color=RGB(110, 255, 255)
Change Net Color : Old Net Color=RGB(158, 161, 117) New Net Color=RGB(110, 255, 255)
Added Pin To Net: NetName=CAN N TERM Pin=SW3-6
Added Net: Name=CAN N TERM
Added Pin To Net: NetName=CAN P TERM Pin=SW3-3
Added Net: Name=CAN P TERM
Added Pin To Net: NetName=JTAG 5 Pin=J7-5
Added Net: Name=JTAG 5
Added Pin To Net: NetName=JTAG 6 Pin=J7-6
Added Net: Name=JTAG 6
Added Pin To Net: NetName=JTAG 8 Pin=J7-8
Added Net: Name=JTAG 8
Added Pin To Net: NetName=OSC 8MHz NC Pin=U1-6
Added Net: Name=OSC 8MHz NC
Added Pin To Net: NetName=OSC 32KHz NC Pin=U1-4
Added Net: Name=OSC 32KHz NC
Added Pin To Net: NetName=OSC32 NC Pin=U3-1
Added Net: Name=OSC32 NC
Added Pin To Net: NetName=SD SPARE A Pin=D4-3
Added Net: Name=SD SPARE A
Added Pin To Net: NetName=SD SPARE B Pin=D5-3
Added Net: Name=SD SPARE B
