Removed Member From Class: ClassName=PWESUPPLY Member=12V
Removed Member From Class: ClassName=PWESUPPLY Member=12VP
Removed Member From Class: ClassName=PWESUPPLY Member=VCC
Removed Member From Class: ClassName=PWESUPPLY Member=VUSBF
Removed Member From Class: ClassName=PWESUPPLY Member=VUSB
Change Component Comment : Designator=R11 Old Comment=100R New Comment=33R
Change Component Comment : Designator=R12 Old Comment=100R New Comment=33R
Change Component Comment : Designator=R13 Old Comment=100R New Comment=33R
Change Component Comment : Designator=R14 Old Comment=100R New Comment=33R
Change Component Comment : Designator=R15 Old Comment=100R New Comment=33R
Change Component Comment : Designator=R16 Old Comment=100R New Comment=33R
Added Pin To Net: NetName=SD DAT1 Pin=U1-26
Added Pin To Net: NetName=MCU SWDCLK Pin=U1-47
Change Net Name : Old Net Name=NetD2_1 New Net Name=I2C1 SDA
Change Net Name : Old Net Name=NetD2_3 New Net Name=I2C1 SCL
Change Net Color : Old Net Color=RGB(158, 161, 117) New Net Color=RGB(110, 255, 255)
Change Net Color : Old Net Color=RGB(158, 161, 117) New Net Color=RGB(110, 255, 255)
Change Net Color : Old Net Color=RGB(158, 161, 117) New Net Color=RGB(110, 255, 255)
Change Net Color : Old Net Color=RGB(158, 161, 117) New Net Color=RGB(110, 255, 255)
Change Net Color : Old Net Color=RGB(158, 161, 117) New Net Color=RGB(110, 255, 255)
Change Net Color : Old Net Color=RGB(158, 161, 117) New Net Color=RGB(110, 255, 255)
Change Net Color : Old Net Color=RGB(158, 161, 117) New Net Color=RGB(110, 255, 255)
Change Net Color : Old Net Color=RGB(158, 161, 117) New Net Color=RGB(110, 255, 255)
