Change Component Designator: Old Designator=C2 New Designator=C20
Change Component Designator: Old Designator=C3 New Designator=C21
Change Component Designator: Old Designator=C4 New Designator=C22
Change Component Designator: Old Designator=C5 New Designator=C23
Change Component Designator: Old Designator=C6 New Designator=C24
Change Component Designator: Old Designator=D3 New Designator=D4
Change Component Designator: Old Designator=D4 New Designator=D6
Change Component Designator: Old Designator=D5 New Designator=D7
Change Component Designator: Old Designator=D6 New Designator=D8
Change Component Designator: Old Designator=D7 New Designator=D10
Change Component Designator: Old Designator=D10 New Designator=D5
Change Component Designator: Old Designator=D11 New Designator=D9
Change Component Designator: Old Designator=DS3 New Designator=DS4
Change Component Designator: Old Designator=DS4 New Designator=DS5
Change Component Designator: Old Designator=DS5 New Designator=DS6
Change Component Designator: Old Designator=DS6 New Designator=DS7
Change Component Designator: Old Designator=R7 New Designator=R16
Change Component Designator: Old Designator=R8 New Designator=R17
Change Component Designator: Old Designator=R9 New Designator=R18
Change Component Designator: Old Designator=R10 New Designator=R19
Change Component Designator: Old Designator=R11 New Designator=R20
Change Component Designator: Old Designator=R12 New Designator=R21
Change Component Designator: Old Designator=R15 New Designator=R23
Change Component Designator: Old Designator=R17 New Designator=R24
Change Component Designator: Old Designator=R18 New Designator=R25
Change Component Designator: Old Designator=R19 New Designator=R26
Change Component Designator: Old Designator=R20 New Designator=R27
Change Component Designator: Old Designator=R21 New Designator=R28
Change Component Designator: Old Designator=R22 New Designator=R29
Change Component Designator: Old Designator=R23 New Designator=R30
Change Component Designator: Old Designator=R24 New Designator=R31
Change Component Designator: Old Designator=R25 New Designator=R32
Change Component Designator: Old Designator=R26 New Designator=R33
Change Component Designator: Old Designator=R27 New Designator=R34
Change Component Designator: Old Designator=R38 New Designator=R22
Change Component Designator: Old Designator=U2 New Designator=U4
Change Component Designator: Old Designator=U3 New Designator=U5
