Added Component: Designator=FIL1(TAOGLAS 915MHZ FILTER)
Added Component: Designator=FIL2(TAOGLAS 868MHZ FILTER)
Added Component: Designator=J4(IDC 2.54mm EDGE MOUNT 26p)
Added Pin To Net: NetName=XBEE RF Pin=FIL1-1
Added Pin To Net: NetName=NetD2_K Pin=FIL1-2
Added Pin To Net: NetName=GND Pin=FIL1-3
Added Pin To Net: NetName=GND Pin=FIL1-4
Added Pin To Net: NetName=GND Pin=FIL1-5
Added Pin To Net: NetName=GND Pin=FIL1-6
Added Pin To Net: NetName=XBEE RF Pin=FIL2-1
Added Pin To Net: NetName=NetD2_K Pin=FIL2-2
Added Pin To Net: NetName=GND Pin=FIL2-3
Added Pin To Net: NetName=GND Pin=FIL2-4
Added Pin To Net: NetName=GND Pin=FIL2-5
Added Pin To Net: NetName=GND Pin=FIL2-6
Added Pin To Net: NetName=CON TXD Pin=J4-1
Added Pin To Net: NetName=N3V3 Pin=J4-2
Added Pin To Net: NetName=CON RXD Pin=J4-3
Added Pin To Net: NetName=3V3 Pin=J4-4
Added Pin To Net: NetName=CON ATTN Pin=J4-6
Added Pin To Net: NetName=DEBUG TX Pin=J4-9
Added Pin To Net: NetName=DEBUG RX Pin=J4-11
Added Pin To Net: NetName=CON CLK Pin=J4-13
Added Pin To Net: NetName=CON RESET Pin=J4-14
Added Pin To Net: NetName=CON DIO3 Pin=J4-18
Added Pin To Net: NetName=CON DIO2 Pin=J4-20
Added Pin To Net: NetName=DEBUG SDA Pin=J4-21
Added Pin To Net: NetName=DEBUG SCL Pin=J4-23
Added Pin To Net: NetName=NGND Pin=J4-25
Added Pin To Net: NetName=NGND Pin=J4-26
Added Member To Class: ClassName=Radio Module (Digi SX Radio 900Mhz) Member=Component FIL1 DBP.915.V.A.30
Added Member To Class: ClassName=Radio Module (Digi SX Radio 900Mhz) Member=Component FIL2 DBP.868.U.A.30
Added Member To Class: ClassName=PCIE Connector Member=Component J4 IDC 26P 2x15
