Removed Pin From Net: NetName=N3V3 Pin=J1-1
Removed Pin From Net: NetName=N3V3 Pin=J1-2
Removed Pin From Net: NetName=N3V3 Pin=J1-3
Removed Pin From Net: NetName=N3V3 Pin=J1-4
Removed Pin From Net: NetName=N3V3 Pin=J1-5
Removed Pin From Net: NetName=N3V3 Pin=J1-6
Removed Pin From Net: NetName=N3V3 Pin=J1-7
Removed Pin From Net: NetName=N3V3 Pin=J1-8
Removed Pin From Net: NetName=NGND Pin=J1-9
Removed Pin From Net: NetName=BACKUP Pin=J1-10
Removed Pin From Net: NetName=BACKUP Pin=J1-11
Removed Pin From Net: NetName=NGND Pin=J1-12
Removed Pin From Net: NetName=NGND Pin=J1-13
Removed Pin From Net: NetName=N3V3 Pin=J1-14
Removed Pin From Net: NetName=N3V3 Pin=J1-15
Removed Pin From Net: NetName=NGND Pin=J1-16
Removed Pin From Net: NetName=NGND Pin=J1-18
Removed Pin From Net: NetName=NGND Pin=J1-20
Removed Pin From Net: NetName=CON RESET Pin=J1-21
Removed Pin From Net: NetName=NGND Pin=J1-22
Removed Pin From Net: NetName=CON DSEL Pin=J1-23
Removed Pin From Net: NetName=NGND Pin=J1-24
Removed Pin From Net: NetName=CON EXTINT Pin=J1-25
Removed Pin From Net: NetName=NGND Pin=J1-26
Removed Pin From Net: NetName=CON SAFEBOOT Pin=J1-27
Removed Pin From Net: NetName=NGND Pin=J1-28
Removed Pin From Net: NetName=CON TIMEPULSE Pin=J1-29
Removed Pin From Net: NetName=NGND Pin=J1-30
Removed Pin From Net: NetName=CON RTK STAT Pin=J1-31
Removed Pin From Net: NetName=NGND Pin=J1-32
Removed Pin From Net: NetName=CON TX READY Pin=J1-33
Removed Pin From Net: NetName=NGND Pin=J1-34
Removed Pin From Net: NetName=CON GEOFENCE Pin=J1-35
Removed Pin From Net: NetName=NGND Pin=J1-36
Removed Pin From Net: NetName=CON SCL / SPI CLK Pin=J1-37
Removed Pin From Net: NetName=NGND Pin=J1-38
Removed Pin From Net: NetName=CON SDA / SPI CS Pin=J1-39
Removed Pin From Net: NetName=NGND Pin=J1-40
Removed Pin From Net: NetName=CON SDA / SPI CS Pin=J1-41
Removed Pin From Net: NetName=NGND Pin=J1-42
Removed Pin From Net: NetName=CON RXD / SPI MOSI Pin=J1-43
Removed Pin From Net: NetName=NGND Pin=J1-44
Removed Pin From Net: NetName=CON TXD / SPI MISO Pin=J1-45
Removed Pin From Net: NetName=NGND Pin=J1-46
Removed Pin From Net: NetName=CON SCL / SPI CLK Pin=J1-47
Removed Pin From Net: NetName=NGND Pin=J1-48
Removed Pin From Net: NetName=CON TXD2 Pin=J1-49
Removed Pin From Net: NetName=NGND Pin=J1-50
Removed Pin From Net: NetName=CON RXD2 Pin=J1-51
Removed Pin From Net: NetName=NGND Pin=J1-52
Removed Pin From Net: NetName=NGND Pin=J1-54
Removed Pin From Net: NetName=NGND Pin=J1-56
Removed Pin From Net: NetName=CON TXD / SPI MISO Pin=J1-57
Removed Pin From Net: NetName=NGND Pin=J1-58
Removed Pin From Net: NetName=CON RXD / SPI MOSI Pin=J1-59
Removed Pin From Net: NetName=NGND Pin=J1-60
Removed Pin From Net: NetName=NGND Pin=J1-M1
Removed Pin From Net: NetName=NGND Pin=J1-M2
Removed Pin From Net: NetName=N3V3 Pin=J2-1
Removed Pin From Net: NetName=N3V3 Pin=J2-2
Removed Pin From Net: NetName=N3V3 Pin=J2-3
Removed Pin From Net: NetName=N3V3 Pin=J2-4
Removed Pin From Net: NetName=N3V3 Pin=J2-5
Removed Pin From Net: NetName=N3V3 Pin=J2-6
Removed Pin From Net: NetName=N3V3 Pin=J2-7
Removed Pin From Net: NetName=N3V3 Pin=J2-8
Removed Pin From Net: NetName=NGND Pin=J2-9
Removed Pin From Net: NetName=BACKUP Pin=J2-10
Removed Pin From Net: NetName=BACKUP Pin=J2-11
Removed Pin From Net: NetName=NGND Pin=J2-12
Removed Pin From Net: NetName=NGND Pin=J2-13
Removed Pin From Net: NetName=N3V3 Pin=J2-14
Removed Pin From Net: NetName=N3V3 Pin=J2-15
Removed Pin From Net: NetName=NGND Pin=J2-16
Removed Pin From Net: NetName=NGND Pin=J2-18
Removed Pin From Net: NetName=NGND Pin=J2-20
Removed Pin From Net: NetName=CON RESET Pin=J2-21
Removed Pin From Net: NetName=NGND Pin=J2-22
Removed Pin From Net: NetName=CON DSEL Pin=J2-23
Removed Pin From Net: NetName=NGND Pin=J2-24
Removed Pin From Net: NetName=CON EXTINT Pin=J2-25
Removed Pin From Net: NetName=NGND Pin=J2-26
Removed Pin From Net: NetName=CON SAFEBOOT Pin=J2-27
Removed Pin From Net: NetName=NGND Pin=J2-28
Removed Pin From Net: NetName=CON TIMEPULSE Pin=J2-29
Removed Pin From Net: NetName=NGND Pin=J2-30
Removed Pin From Net: NetName=CON RTK STAT Pin=J2-31
Removed Pin From Net: NetName=NGND Pin=J2-32
Removed Pin From Net: NetName=CON TX READY Pin=J2-33
Removed Pin From Net: NetName=NGND Pin=J2-34
Removed Pin From Net: NetName=CON GEOFENCE Pin=J2-35
Removed Pin From Net: NetName=NGND Pin=J2-36
Removed Pin From Net: NetName=CON SCL / SPI CLK Pin=J2-37
Removed Pin From Net: NetName=NGND Pin=J2-38
Removed Pin From Net: NetName=CON SDA / SPI CS Pin=J2-39
Removed Pin From Net: NetName=NGND Pin=J2-40
Removed Pin From Net: NetName=CON SDA / SPI CS Pin=J2-41
Removed Pin From Net: NetName=NGND Pin=J2-42
Removed Pin From Net: NetName=CON RXD / SPI MOSI Pin=J2-43
Removed Pin From Net: NetName=NGND Pin=J2-44
Removed Pin From Net: NetName=CON TXD / SPI MISO Pin=J2-45
Removed Pin From Net: NetName=NGND Pin=J2-46
Removed Pin From Net: NetName=CON SCL / SPI CLK Pin=J2-47
Removed Pin From Net: NetName=NGND Pin=J2-48
Removed Pin From Net: NetName=CON TXD2 Pin=J2-49
Removed Pin From Net: NetName=NGND Pin=J2-50
Removed Pin From Net: NetName=CON RXD2 Pin=J2-51
Removed Pin From Net: NetName=NGND Pin=J2-52
Removed Pin From Net: NetName=NGND Pin=J2-54
Removed Pin From Net: NetName=NGND Pin=J2-56
Removed Pin From Net: NetName=CON TXD / SPI MISO Pin=J2-57
Removed Pin From Net: NetName=NGND Pin=J2-58
Removed Pin From Net: NetName=CON RXD / SPI MOSI Pin=J2-59
Removed Pin From Net: NetName=NGND Pin=J2-60
Removed Pin From Net: NetName=NGND Pin=J2-M1
Removed Pin From Net: NetName=NGND Pin=J2-M2
Removed Pin From Net: NetName=CON TXD / SPI MISO Pin=J3-1
Removed Pin From Net: NetName=N3V3 Pin=J3-2
Removed Pin From Net: NetName=CON RXD / SPI MOSI Pin=J3-3
Removed Pin From Net: NetName=USB3V3 Pin=J3-4
Removed Pin From Net: NetName=3V3 Pin=J3-6
Removed Pin From Net: NetName=NGND Pin=J3-8
Removed Pin From Net: NetName=CON TXD2 Pin=J3-9
Removed Pin From Net: NetName=CON TIMEPULSE Pin=J3-10
Removed Pin From Net: NetName=CON RXD2 Pin=J3-11
Removed Pin From Net: NetName=CON RTK STAT Pin=J3-12
Removed Pin From Net: NetName=CON SDA / SPI CS Pin=J3-13
Removed Pin From Net: NetName=CON GEOFENCE Pin=J3-14
Removed Pin From Net: NetName=CON TXD / SPI MISO Pin=J3-15
Removed Pin From Net: NetName=CON TX READY Pin=J3-16
Removed Pin From Net: NetName=CON RXD / SPI MOSI Pin=J3-17
Removed Pin From Net: NetName=CON EXTINT Pin=J3-18
Removed Pin From Net: NetName=CON SCL / SPI CLK Pin=J3-19
Removed Pin From Net: NetName=CON SAFEBOOT Pin=J3-20
Removed Pin From Net: NetName=CON SDA / SPI CS Pin=J3-21
Removed Pin From Net: NetName=CON DSEL Pin=J3-22
Removed Pin From Net: NetName=CON SCL / SPI CLK Pin=J3-23
Removed Pin From Net: NetName=CON RESET Pin=J3-24
Removed Pin From Net: NetName=NGND Pin=J3-25
Removed Pin From Net: NetName=NGND Pin=J3-26
Change Component Footprint: Designator=D1 Old Footprint=2-X3DFN New Footprint=0402
Change Component Comment : Designator=D1 Old Comment=ESD8472MUT5G New Comment=PESD0402-140
Added Component: Designator=R35(Res_ThinFilm_0603)
Added Component: Designator=R36(Res_ThinFilm_0603)
Added Component: Designator=R37(Res_ThinFilm_0603)
Added Component: Designator=SW2(BTN STANDARD 4.5mm X 4.5mm)
Add component (AddParameter): Name = "ComponentLink1Description"; Value = "LCSC"; VariantName = "[No Variations]"
Add component (AddParameter): Name = "ComponentLink1URL"; Value = "https://lcsc.com/product-detail/Tactile-Switches_BRIGHT-TSA063G50-250_C294565.html"; VariantName = "[No Variations]"
Added Pin To Net: NetName=3V3 Pin=R35-1
Added Pin To Net: NetName=GND Pin=R36-2
Added Pin To Net: NetName=NGND Pin=R37-1
Added Pin To Net: NetName=USB3V3 Pin=R37-2
Added Pin To Net: NetName=NGND Pin=SW2-2
Added Pin To Net: NetName=GPS RESET Pin=SW2-4
Added Pin To Net: NetName=NetR35_2 Pin=R35-2
Added Pin To Net: NetName=NetR35_2 Pin=R36-1
Added Pin To Net: NetName=NetR35_2 Pin=U2-5
Added Net: Name=NetR35_2
Added Pin To Net: NetName=NetU2_6 Pin=U2-6
Added Pin To Net: NetName=NetU2_6 Pin=U2-7
Added Net: Name=NetU2_6
Change Class Name : Old Net Name=Designator New Net Name=USB
Added Class: Name=GPS Module RF
Added Class: Name=Power Supply
Added Member To Class: ClassName=GPS Module Member=Component SW2 BTN Standard 4.5mm
Added Rule: Name=Schematic Impedance Constraint
