Removed Pin From Net: NetName=GPS RF IN Pin=FB1-1
Removed Pin From Net: NetName=GPS SHORT DETECT Pin=FB1-2
Removed Pin From Net: NetName=GPS RF IN Pin=J4-1
Removed Pin From Net: NetName=GND Pin=J4-2
Removed Pin From Net: NetName=GND Pin=J4-2
Removed Pin From Net: NetName=NGND Pin=Q2-S
Removed Pin From Net: NetName=CON SAFEBOOT Pin=R8-1
Removed Pin From Net: NetName=GPS SAFEBOOT Pin=R8-2
Removed Pin From Net: NetName=BACKUP Pin=SW1-2
Removed Pin From Net: NetName=RTC SW Pin=SW1-3
Removed Pin From Net: NetName=BACKUP Pin=SW1-5
Removed Pin From Net: NetName=RTC SW Pin=SW1-6
Removed Pin From Net: NetName=NGND Pin=SW2-2
Removed Pin From Net: NetName=GPS RESET Pin=SW2-4
Removed Member From Class: ClassName=GPS Module RF Member=FB1
Removed Member From Class: ClassName=GPS Module RF Member=J4
Change Component Comment : Designator=R8 Old Comment=33R New Comment=10k
Added Component: Designator=C15(Cap_Ceramic_0603)
Added Component: Designator=J1(U.FL-R-SMT HIROSE)
Added Component: Designator=L1(FERRITEBEAD_0402)
Added Component: Designator=Q4(SOT23-3)
Added Component: Designator=R38(Res_ThinFilm_0603)
Added Component: Designator=R39(Res_ThinFilm_0603)
Added Component: Designator=SW3(BTN STANDARD 4.5mm X 4.5mm)
Add component (AddParameter): Name = "ComponentLink1Description"; Value = "LCSC"; VariantName = "[No Variations]"
Add component (AddParameter): Name = "ComponentLink1URL"; Value = "https://lcsc.com/product-detail/Tactile-Switches_BRIGHT-TSA063G50-250_C294565.html"; VariantName = "[No Variations]"
Added Pin To Net: NetName=GND Pin=C15-1
Added Pin To Net: NetName=USB3V3 Pin=C15-2
Added Pin To Net: NetName=GPS RF IN Pin=J1-1
Added Pin To Net: NetName=GND Pin=J1-2
Added Pin To Net: NetName=GND Pin=J1-2
Added Pin To Net: NetName=GPS SHORT DETECT Pin=L1-1
Added Pin To Net: NetName=GPS RF IN Pin=L1-2
Added Pin To Net: NetName=GND Pin=Q2-S
Added Pin To Net: NetName=GPS SAFEBOOT Pin=Q4-D
Added Pin To Net: NetName=GND Pin=Q4-S
Added Pin To Net: NetName=GPS SAFEBOOT Pin=R8-1
Added Pin To Net: NetName=3V3 Pin=R8-2
Added Pin To Net: NetName=CON SAFEBOOT Pin=R38-2
Added Pin To Net: NetName=NGND Pin=R39-1
Added Pin To Net: NetName=BACKUP Pin=SW1-1
Added Pin To Net: NetName=RTC SW Pin=SW1-2
Added Pin To Net: NetName=3V3 Pin=SW1-3
Added Pin To Net: NetName=BACKUP Pin=SW1-4
Added Pin To Net: NetName=RTC SW Pin=SW1-5
Added Pin To Net: NetName=3V3 Pin=SW1-6
Added Pin To Net: NetName=N3V3 Pin=SW2-3
Added Pin To Net: NetName=N3V3 Pin=SW2-4
Added Pin To Net: NetName=CON RESET M Pin=SW3-1
Added Pin To Net: NetName=CON RESET M Pin=SW3-2
Added Pin To Net: NetName=N3V3 Pin=SW3-3
Added Pin To Net: NetName=N3V3 Pin=SW3-4
Change Net Name : Old Net Name=NetR35_2 New Net Name=ANT DET B FEED
Change Net Name : Old Net Name=NetU2_6 New Net Name=ANT DET B COMP
Added Pin To Net: NetName=CON SAFEBOOT M Pin=Q4-G
Added Pin To Net: NetName=CON SAFEBOOT M Pin=R38-1
Added Pin To Net: NetName=CON SAFEBOOT M Pin=R39-2
Added Pin To Net: NetName=CON SAFEBOOT M Pin=SW2-1
Added Pin To Net: NetName=CON SAFEBOOT M Pin=SW2-2
Added Net: Name=CON SAFEBOOT M
Added Member To Class: ClassName=GPS Module Member=Component C15 1uF
Added Member To Class: ClassName=GPS Module RF Member=Component J1 U.FL-R-SMT-1(10)
Added Member To Class: ClassName=GPS Module RF Member=Component L1 LQW15ANR12J00D
Added Member To Class: ClassName=GPS Module Member=Component Q4 2N7002
Added Member To Class: ClassName=GPS Module Member=Component R38 33R
Added Member To Class: ClassName=GPS Module Member=Component R39 10k
Added Member To Class: ClassName=GPS Module Member=Component SW3 BTN Standard 4.5mm
