Removed Pin From Net: NetName=GPS ANT DETECT Pin=U1-4
Removed Pin From Net: NetName=GPS ANT OFF Pin=U1-5
Removed Pin From Net: NetName=GPS SHORT DETECT Pin=U1-6
Added Component: Designator=C16(Cap_Ceramic_0603)
Added Component: Designator=U5(SOT-553)
Added Component: Designator=U6(SOT-553)
Added Component: Designator=U7(SOT-553)
Added Pin To Net: NetName=3V3 Pin=C16-1
Added Pin To Net: NetName=GND Pin=C16-2
Added Pin To Net: NetName=3V3 Pin=U5-1
Added Pin To Net: NetName=GPS SHORT DETECT Pin=U5-2
Added Pin To Net: NetName=GND Pin=U5-3
Added Pin To Net: NetName=3V3 Pin=U5-5
Added Pin To Net: NetName=3V3 Pin=U6-1
Added Pin To Net: NetName=GPS ANT DETECT Pin=U6-2
Added Pin To Net: NetName=3V3 Pin=U6-3
Added Pin To Net: NetName=GND Pin=U6-5
Added Pin To Net: NetName=3V3 Pin=U7-1
Added Pin To Net: NetName=3V3 Pin=U7-3
Added Pin To Net: NetName=GPS ANT OFF Pin=U7-4
Added Pin To Net: NetName=GND Pin=U7-5
Added Pin To Net: NetName=GPS ANT DETECT P Pin=U1-4
Added Pin To Net: NetName=GPS ANT DETECT P Pin=U6-4
Added Net: Name=GPS ANT DETECT P
Added Pin To Net: NetName=GPS ANT OFF P Pin=U1-5
Added Pin To Net: NetName=GPS ANT OFF P Pin=U7-2
Added Net: Name=GPS ANT OFF P
Added Pin To Net: NetName=GPS SHORT DETECT P Pin=U1-6
Added Pin To Net: NetName=GPS SHORT DETECT P Pin=U5-4
Added Net: Name=GPS SHORT DETECT P
Added Member To Class: ClassName=GPS Module RF Member=Component C16 100nF
Added Member To Class: ClassName=GPS Module RF Member=Component U5 SN74LVC1G126DRLR
Added Member To Class: ClassName=GPS Module RF Member=Component U6 SN74LVC1G126DRLR
Added Member To Class: ClassName=GPS Module RF Member=Component U7 SN74LVC1G126DRLR
